Analysis & Synthesis report for top_level
Sat Aug 26 18:26:07 2023
Quartus Prime Version 20.1.0 Build 711 06/05/2020 SJ Lite Edition


---------------------
; Table of Contents ;
---------------------
  1. Legal Notice
  2. Analysis & Synthesis Summary
  3. Analysis & Synthesis Settings
  4. Parallel Compilation
  5. Analysis & Synthesis Source Files Read
  6. Analysis & Synthesis Resource Usage Summary
  7. Analysis & Synthesis Resource Utilization by Entity
  8. Registers Removed During Synthesis
  9. Removed Registers Triggering Further Register Optimizations
 10. General Register Statistics
 11. Multiplexer Restructuring Statistics (Restructuring Performed)
 12. Parameter Settings for User Entity Instance: InstFetch:IF1
 13. Parameter Settings for User Entity Instance: Immediate_LUT:LUT1
 14. Parameter Settings for User Entity Instance: InstROM:IR1
 15. Parameter Settings for User Entity Instance: RegFile:RF1
 16. Parameter Settings for User Entity Instance: ALU:ALU1
 17. Parameter Settings for User Entity Instance: DataMem:DM
 18. Port Connectivity Checks: "ALU:ALU1"
 19. Port Connectivity Checks: "RegFile:RF1"
 20. Port Connectivity Checks: "Ctrl:Ctrl1"
 21. Post-Synthesis Netlist Statistics for Top Partition
 22. Elapsed Time Per Partition
 23. Analysis & Synthesis Messages



----------------
; Legal Notice ;
----------------
Copyright (C) 2020  Intel Corporation. All rights reserved.
Your use of Intel Corporation's design tools, logic functions 
and other software and tools, and any partner logic 
functions, and any output files from any of the foregoing 
(including device programming or simulation files), and any 
associated documentation or information are expressly subject 
to the terms and conditions of the Intel Program License 
Subscription Agreement, the Intel Quartus Prime License Agreement,
the Intel FPGA IP License Agreement, or other applicable license
agreement, including, without limitation, that your use is for
the sole purpose of programming logic devices manufactured by
Intel and sold by Intel or its authorized distributors.  Please
refer to the applicable agreement for further details, at
https://fpgasoftware.intel.com/eula.



+---------------------------------------------------------------------------------+
; Analysis & Synthesis Summary                                                    ;
+-----------------------------------+---------------------------------------------+
; Analysis & Synthesis Status       ; Successful - Sat Aug 26 18:26:07 2023       ;
; Quartus Prime Version             ; 20.1.0 Build 711 06/05/2020 SJ Lite Edition ;
; Revision Name                     ; top_level                                   ;
; Top-level Entity Name             ; top_level                                   ;
; Family                            ; Arria II GX                                 ;
; Logic utilization                 ; N/A                                         ;
;     Combinational ALUTs           ; 1,175                                       ;
;     Memory ALUTs                  ; 0                                           ;
;     Dedicated logic registers     ; 2,099                                       ;
; Total registers                   ; 2099                                        ;
; Total pins                        ; 4                                           ;
; Total virtual pins                ; 0                                           ;
; Total block memory bits           ; 0                                           ;
; DSP block 18-bit elements         ; 0                                           ;
; Total GXB Receiver Channel PCS    ; 0                                           ;
; Total GXB Receiver Channel PMA    ; 0                                           ;
; Total GXB Transmitter Channel PCS ; 0                                           ;
; Total GXB Transmitter Channel PMA ; 0                                           ;
; Total PLLs                        ; 0                                           ;
; Total DLLs                        ; 0                                           ;
+-----------------------------------+---------------------------------------------+


+---------------------------------------------------------------------------------------------------------------------------+
; Analysis & Synthesis Settings                                                                                             ;
+---------------------------------------------------------------------------------+--------------------+--------------------+
; Option                                                                          ; Setting            ; Default Value      ;
+---------------------------------------------------------------------------------+--------------------+--------------------+
; Top-level entity name                                                           ; top_level          ; top_level          ;
; Family name                                                                     ; Arria II GX        ; Cyclone V          ;
; Use smart compilation                                                           ; Off                ; Off                ;
; Enable parallel Assembler and Timing Analyzer during compilation                ; On                 ; On                 ;
; Enable compact report table                                                     ; Off                ; Off                ;
; Restructure Multiplexers                                                        ; Auto               ; Auto               ;
; MLAB Add Timing Constraints For Mixed-Port Feed-Through Mode Setting Don't Care ; Off                ; Off                ;
; Create Debugging Nodes for IP Cores                                             ; Off                ; Off                ;
; Preserve fewer node names                                                       ; On                 ; On                 ;
; Intel FPGA IP Evaluation Mode                                                   ; Enable             ; Enable             ;
; Verilog Version                                                                 ; Verilog_2001       ; Verilog_2001       ;
; VHDL Version                                                                    ; VHDL_1993          ; VHDL_1993          ;
; State Machine Processing                                                        ; Auto               ; Auto               ;
; Safe State Machine                                                              ; Off                ; Off                ;
; Extract Verilog State Machines                                                  ; On                 ; On                 ;
; Extract VHDL State Machines                                                     ; On                 ; On                 ;
; Ignore Verilog initial constructs                                               ; Off                ; Off                ;
; Iteration limit for constant Verilog loops                                      ; 5000               ; 5000               ;
; Iteration limit for non-constant Verilog loops                                  ; 250                ; 250                ;
; Add Pass-Through Logic to Inferred RAMs                                         ; On                 ; On                 ;
; Infer RAMs from Raw Logic                                                       ; On                 ; On                 ;
; Parallel Synthesis                                                              ; On                 ; On                 ;
; DSP Block Balancing                                                             ; Auto               ; Auto               ;
; NOT Gate Push-Back                                                              ; On                 ; On                 ;
; Power-Up Don't Care                                                             ; On                 ; On                 ;
; Remove Redundant Logic Cells                                                    ; Off                ; Off                ;
; Remove Duplicate Registers                                                      ; On                 ; On                 ;
; Ignore CARRY Buffers                                                            ; Off                ; Off                ;
; Ignore CASCADE Buffers                                                          ; Off                ; Off                ;
; Ignore GLOBAL Buffers                                                           ; Off                ; Off                ;
; Ignore ROW GLOBAL Buffers                                                       ; Off                ; Off                ;
; Ignore LCELL Buffers                                                            ; Off                ; Off                ;
; Ignore SOFT Buffers                                                             ; On                 ; On                 ;
; Limit AHDL Integers to 32 Bits                                                  ; Off                ; Off                ;
; Optimization Technique                                                          ; Balanced           ; Balanced           ;
; Carry Chain Length                                                              ; 70                 ; 70                 ;
; Auto Carry Chains                                                               ; On                 ; On                 ;
; Auto Open-Drain Pins                                                            ; On                 ; On                 ;
; Perform WYSIWYG Primitive Resynthesis                                           ; Off                ; Off                ;
; Auto ROM Replacement                                                            ; On                 ; On                 ;
; Auto RAM Replacement                                                            ; On                 ; On                 ;
; Auto DSP Block Replacement                                                      ; On                 ; On                 ;
; Auto Shift Register Replacement                                                 ; Auto               ; Auto               ;
; Allow Shift Register Merging across Hierarchies                                 ; Auto               ; Auto               ;
; Auto Clock Enable Replacement                                                   ; On                 ; On                 ;
; Strict RAM Replacement                                                          ; Off                ; Off                ;
; Allow Synchronous Control Signals                                               ; On                 ; On                 ;
; Force Use of Synchronous Clear Signals                                          ; Off                ; Off                ;
; Auto RAM Block Balancing                                                        ; On                 ; On                 ;
; Auto RAM to Logic Cell Conversion                                               ; Off                ; Off                ;
; Auto Resource Sharing                                                           ; Off                ; Off                ;
; Allow Any RAM Size For Recognition                                              ; Off                ; Off                ;
; Allow Any ROM Size For Recognition                                              ; Off                ; Off                ;
; Allow Any Shift Register Size For Recognition                                   ; Off                ; Off                ;
; Use LogicLock Constraints during Resource Balancing                             ; On                 ; On                 ;
; Ignore translate_off and synthesis_off directives                               ; Off                ; Off                ;
; Timing-Driven Synthesis                                                         ; On                 ; On                 ;
; Report Parameter Settings                                                       ; On                 ; On                 ;
; Report Source Assignments                                                       ; On                 ; On                 ;
; Report Connectivity Checks                                                      ; On                 ; On                 ;
; Ignore Maximum Fan-Out Assignments                                              ; Off                ; Off                ;
; Synchronization Register Chain Length                                           ; 3                  ; 3                  ;
; Power Optimization During Synthesis                                             ; Normal compilation ; Normal compilation ;
; HDL message level                                                               ; Level2             ; Level2             ;
; Suppress Register Optimization Related Messages                                 ; Off                ; Off                ;
; Number of Removed Registers Reported in Synthesis Report                        ; 5000               ; 5000               ;
; Number of Swept Nodes Reported in Synthesis Report                              ; 5000               ; 5000               ;
; Number of Inverted Registers Reported in Synthesis Report                       ; 100                ; 100                ;
; Clock MUX Protection                                                            ; On                 ; On                 ;
; Auto Gated Clock Conversion                                                     ; Off                ; Off                ;
; Block Design Naming                                                             ; Auto               ; Auto               ;
; SDC constraint protection                                                       ; Off                ; Off                ;
; Synthesis Effort                                                                ; Auto               ; Auto               ;
; Shift Register Replacement - Allow Asynchronous Clear Signal                    ; On                 ; On                 ;
; Pre-Mapping Resynthesis Optimization                                            ; Off                ; Off                ;
; Analysis & Synthesis Message Level                                              ; Medium             ; Medium             ;
; Disable Register Merging Across Hierarchies                                     ; Auto               ; Auto               ;
; Resource Aware Inference For Block RAM                                          ; On                 ; On                 ;
+---------------------------------------------------------------------------------+--------------------+--------------------+


+------------------------------------------+
; Parallel Compilation                     ;
+----------------------------+-------------+
; Processors                 ; Number      ;
+----------------------------+-------------+
; Number detected on machine ; 16          ;
; Maximum allowed            ; 16          ;
;                            ;             ;
; Average used               ; 1.00        ;
; Maximum used               ; 16          ;
;                            ;             ;
; Usage by Processor         ; % Time Used ;
;     Processor 1            ; 100.0%      ;
;     Processor 2            ;   0.0%      ;
;     Processor 3            ;   0.0%      ;
;     Processor 4            ;   0.0%      ;
;     Processor 5            ;   0.0%      ;
;     Processor 6            ;   0.0%      ;
;     Processor 7            ;   0.0%      ;
;     Processor 8            ;   0.0%      ;
;     Processors 9-16        ;   0.0%      ;
+----------------------------+-------------+


+------------------------------------------------------------------------------------------------------------------------------------------------------------+
; Analysis & Synthesis Source Files Read                                                                                                                     ;
+----------------------------------+-----------------+------------------------------+--------------------------------------------------------------+---------+
; File Name with User-Entered Path ; Used in Netlist ; File Type                    ; File Name with Absolute Path                                 ; Library ;
+----------------------------------+-----------------+------------------------------+--------------------------------------------------------------+---------+
; top_level.sv                     ; yes             ; User SystemVerilog HDL File  ; C:/Users/Wesley/Documents/141L/encrypt_proj/top_level.sv     ;         ;
; RegFile.sv                       ; yes             ; User SystemVerilog HDL File  ; C:/Users/Wesley/Documents/141L/encrypt_proj/RegFile.sv       ;         ;
; InstROM.sv                       ; yes             ; User SystemVerilog HDL File  ; C:/Users/Wesley/Documents/141L/encrypt_proj/InstROM.sv       ;         ;
; InstFetch.sv                     ; yes             ; User SystemVerilog HDL File  ; C:/Users/Wesley/Documents/141L/encrypt_proj/InstFetch.sv     ;         ;
; Immediate_LUT.sv                 ; yes             ; User SystemVerilog HDL File  ; C:/Users/Wesley/Documents/141L/encrypt_proj/Immediate_LUT.sv ;         ;
; Definitions.sv                   ; yes             ; User SystemVerilog HDL File  ; C:/Users/Wesley/Documents/141L/encrypt_proj/Definitions.sv   ;         ;
; DataMem.sv                       ; yes             ; User SystemVerilog HDL File  ; C:/Users/Wesley/Documents/141L/encrypt_proj/DataMem.sv       ;         ;
; Ctrl.sv                          ; yes             ; User SystemVerilog HDL File  ; C:/Users/Wesley/Documents/141L/encrypt_proj/Ctrl.sv          ;         ;
; ALU.sv                           ; yes             ; User SystemVerilog HDL File  ; C:/Users/Wesley/Documents/141L/encrypt_proj/ALU.sv           ;         ;
; machine_code.txt                 ; yes             ; Auto-Found File              ; C:/Users/Wesley/Documents/141L/encrypt_proj/machine_code.txt ;         ;
+----------------------------------+-----------------+------------------------------+--------------------------------------------------------------+---------+


+-----------------------------------------------------------+
; Analysis & Synthesis Resource Usage Summary               ;
+-----------------------------------------------+-----------+
; Resource                                      ; Usage     ;
+-----------------------------------------------+-----------+
; Estimated ALUTs Used                          ; 1175      ;
;     -- Combinational ALUTs                    ; 1175      ;
;     -- Memory ALUTs                           ; 0         ;
;     -- LUT_REGs                               ; 0         ;
; Dedicated logic registers                     ; 2099      ;
;                                               ;           ;
; Estimated ALUTs Unavailable                   ; 0         ;
;     -- Due to unpartnered combinational logic ; 0         ;
;     -- Due to Memory ALUTs                    ; 0         ;
;                                               ;           ;
; Total combinational functions                 ; 1175      ;
; Combinational ALUT usage by number of inputs  ;           ;
;     -- 7 input functions                      ; 0         ;
;     -- 6 input functions                      ; 800       ;
;     -- 5 input functions                      ; 284       ;
;     -- 4 input functions                      ; 49        ;
;     -- <=3 input functions                    ; 42        ;
;                                               ;           ;
; Combinational ALUTs by mode                   ;           ;
;     -- normal mode                            ; 1165      ;
;     -- extended LUT mode                      ; 0         ;
;     -- arithmetic mode                        ; 10        ;
;     -- shared arithmetic mode                 ; 0         ;
;                                               ;           ;
; Estimated ALUT/register pairs used            ; 3193      ;
;                                               ;           ;
; Total registers                               ; 2099      ;
;     -- Dedicated logic registers              ; 2099      ;
;     -- I/O registers                          ; 0         ;
;     -- LUT_REGs                               ; 0         ;
;                                               ;           ;
;                                               ;           ;
; I/O pins                                      ; 4         ;
;                                               ;           ;
; DSP block 18-bit elements                     ; 0         ;
;                                               ;           ;
; Maximum fan-out node                          ; Clk~input ;
; Maximum fan-out                               ; 2099      ;
; Total fan-out                                 ; 12858     ;
; Average fan-out                               ; 3.92      ;
+-----------------------------------------------+-----------+


+----------------------------------------------------------------------------------------------------------------------------------------------------------------------------------------------------------------------------------------------------+
; Analysis & Synthesis Resource Utilization by Entity                                                                                                                                                                                                ;
+----------------------------+---------------------+---------------------------+-------------------+--------------+---------+-----------+-----------+-----------+------+--------------+-------------------------------+---------------+--------------+
; Compilation Hierarchy Node ; Combinational ALUTs ; Dedicated Logic Registers ; Block Memory Bits ; DSP Elements ; DSP 9x9 ; DSP 12x12 ; DSP 18x18 ; DSP 36x36 ; Pins ; Virtual Pins ; Full Hierarchy Name           ; Entity Name   ; Library Name ;
+----------------------------+---------------------+---------------------------+-------------------+--------------+---------+-----------+-----------+-----------+------+--------------+-------------------------------+---------------+--------------+
; |top_level                 ; 1175 (698)          ; 2099 (1)                  ; 0                 ; 0            ; 0       ; 0         ; 0         ; 0         ; 4    ; 0            ; |top_level                    ; top_level     ; work         ;
;    |ALU:ALU1|              ; 13 (13)             ; 0 (0)                     ; 0                 ; 0            ; 0       ; 0         ; 0         ; 0         ; 0    ; 0            ; |top_level|ALU:ALU1           ; ALU           ; work         ;
;    |Ctrl:Ctrl1|            ; 11 (11)             ; 0 (0)                     ; 0                 ; 0            ; 0       ; 0         ; 0         ; 0         ; 0    ; 0            ; |top_level|Ctrl:Ctrl1         ; Ctrl          ; work         ;
;    |DataMem:DM|            ; 334 (334)           ; 2048 (2048)               ; 0                 ; 0            ; 0       ; 0         ; 0         ; 0         ; 0    ; 0            ; |top_level|DataMem:DM         ; DataMem       ; work         ;
;    |Immediate_LUT:LUT1|    ; 7 (7)               ; 0 (0)                     ; 0                 ; 0            ; 0       ; 0         ; 0         ; 0         ; 0    ; 0            ; |top_level|Immediate_LUT:LUT1 ; Immediate_LUT ; work         ;
;    |InstFetch:IF1|         ; 24 (24)             ; 10 (10)                   ; 0                 ; 0            ; 0       ; 0         ; 0         ; 0         ; 0    ; 0            ; |top_level|InstFetch:IF1      ; InstFetch     ; work         ;
;    |InstROM:IR1|           ; 33 (33)             ; 0 (0)                     ; 0                 ; 0            ; 0       ; 0         ; 0         ; 0         ; 0    ; 0            ; |top_level|InstROM:IR1        ; InstROM       ; work         ;
;    |RegFile:RF1|           ; 55 (55)             ; 40 (40)                   ; 0                 ; 0            ; 0       ; 0         ; 0         ; 0         ; 0    ; 0            ; |top_level|RegFile:RF1        ; RegFile       ; work         ;
+----------------------------+---------------------+---------------------------+-------------------+--------------+---------+-----------+-----------+-----------+------+--------------+-------------------------------+---------------+--------------+
Note: For table entries with two numbers listed, the numbers in parentheses indicate the number of resources of the given type used by the specific entity alone. The numbers listed outside of parentheses indicate the total resources of the given type used by the specific entity and all of its sub-entities in the hierarchy.


+---------------------------------------------------------------------------------+
; Registers Removed During Synthesis                                              ;
+----------------------------------------+----------------------------------------+
; Register name                          ; Reason for Removal                     ;
+----------------------------------------+----------------------------------------+
; RegFile:RF1|Registers[0][6]            ; Stuck at GND due to stuck port data_in ;
; RegFile:RF1|Registers[0][5]            ; Stuck at GND due to stuck port data_in ;
; RegFile:RF1|Registers[0][4]            ; Stuck at GND due to stuck port data_in ;
; RegFile:RF1|Registers[0][3]            ; Stuck at GND due to stuck port data_in ;
; RegFile:RF1|Registers[0][2]            ; Stuck at GND due to stuck port data_in ;
; RegFile:RF1|Registers[0][1]            ; Stuck at GND due to stuck port data_in ;
; RegFile:RF1|Registers[0][0]            ; Stuck at GND due to stuck port data_in ;
; RegFile:RF1|Registers[0][7]            ; Stuck at GND due to stuck port data_in ;
; RegFile:RF1|Registers[5][6]            ; Stuck at GND due to stuck port data_in ;
; RegFile:RF1|Registers[6][6]            ; Stuck at GND due to stuck port data_in ;
; RegFile:RF1|Registers[5][5]            ; Stuck at GND due to stuck port data_in ;
; RegFile:RF1|Registers[6][5]            ; Stuck at GND due to stuck port data_in ;
; RegFile:RF1|Registers[5][4]            ; Stuck at GND due to stuck port data_in ;
; RegFile:RF1|Registers[6][4]            ; Stuck at GND due to stuck port data_in ;
; RegFile:RF1|Registers[5][3]            ; Stuck at GND due to stuck port data_in ;
; RegFile:RF1|Registers[6][3]            ; Stuck at GND due to stuck port data_in ;
; RegFile:RF1|Registers[5][2]            ; Stuck at GND due to stuck port data_in ;
; RegFile:RF1|Registers[6][2]            ; Stuck at GND due to stuck port data_in ;
; RegFile:RF1|Registers[5][1]            ; Stuck at GND due to stuck port data_in ;
; RegFile:RF1|Registers[6][1]            ; Stuck at GND due to stuck port data_in ;
; RegFile:RF1|Registers[5][0]            ; Stuck at GND due to stuck port data_in ;
; RegFile:RF1|Registers[6][0]            ; Stuck at GND due to stuck port data_in ;
; RegFile:RF1|Registers[5][7]            ; Stuck at GND due to stuck port data_in ;
; RegFile:RF1|Registers[6][7]            ; Stuck at GND due to stuck port data_in ;
; Total Number of Removed Registers = 24 ;                                        ;
+----------------------------------------+----------------------------------------+


+---------------------------------------------------------------------------------------------------------------------+
; Removed Registers Triggering Further Register Optimizations                                                         ;
+-----------------------------+---------------------------+-----------------------------------------------------------+
; Register name               ; Reason for Removal        ; Registers Removed due to This Register                    ;
+-----------------------------+---------------------------+-----------------------------------------------------------+
; RegFile:RF1|Registers[0][6] ; Stuck at GND              ; RegFile:RF1|Registers[5][6], RegFile:RF1|Registers[6][6], ;
;                             ; due to stuck port data_in ; RegFile:RF1|Registers[5][5], RegFile:RF1|Registers[6][5], ;
;                             ;                           ; RegFile:RF1|Registers[5][4], RegFile:RF1|Registers[6][4], ;
;                             ;                           ; RegFile:RF1|Registers[5][3], RegFile:RF1|Registers[6][3], ;
;                             ;                           ; RegFile:RF1|Registers[5][2], RegFile:RF1|Registers[6][2], ;
;                             ;                           ; RegFile:RF1|Registers[5][1], RegFile:RF1|Registers[6][1], ;
;                             ;                           ; RegFile:RF1|Registers[5][0], RegFile:RF1|Registers[6][0], ;
;                             ;                           ; RegFile:RF1|Registers[5][7], RegFile:RF1|Registers[6][7]  ;
+-----------------------------+---------------------------+-----------------------------------------------------------+


+------------------------------------------------------+
; General Register Statistics                          ;
+----------------------------------------------+-------+
; Statistic                                    ; Value ;
+----------------------------------------------+-------+
; Total registers                              ; 2099  ;
; Number of registers using Synchronous Clear  ; 45    ;
; Number of registers using Synchronous Load   ; 0     ;
; Number of registers using Asynchronous Clear ; 0     ;
; Number of registers using Asynchronous Load  ; 0     ;
; Number of registers using Clock Enable       ; 2096  ;
; Number of registers using Preset             ; 0     ;
+----------------------------------------------+-------+


+------------------------------------------------------------------------------------------------------------------------------------------------------+
; Multiplexer Restructuring Statistics (Restructuring Performed)                                                                                       ;
+--------------------+-----------+---------------+----------------------+------------------------+------------+----------------------------------------+
; Multiplexer Inputs ; Bus Width ; Baseline Area ; Area if Restructured ; Saving if Restructured ; Registered ; Example Multiplexer Output             ;
+--------------------+-----------+---------------+----------------------+------------------------+------------+----------------------------------------+
; 3:1                ; 8 bits    ; 16 ALUTs      ; 0 ALUTs              ; 16 ALUTs               ; Yes        ; |top_level|RegFile:RF1|Registers[0][1] ;
; 3:1                ; 8 bits    ; 16 ALUTs      ; 0 ALUTs              ; 16 ALUTs               ; Yes        ; |top_level|RegFile:RF1|Registers[1][1] ;
; 3:1                ; 8 bits    ; 16 ALUTs      ; 0 ALUTs              ; 16 ALUTs               ; Yes        ; |top_level|RegFile:RF1|Registers[2][7] ;
; 3:1                ; 8 bits    ; 16 ALUTs      ; 0 ALUTs              ; 16 ALUTs               ; Yes        ; |top_level|RegFile:RF1|Registers[3][4] ;
; 3:1                ; 8 bits    ; 16 ALUTs      ; 0 ALUTs              ; 16 ALUTs               ; Yes        ; |top_level|RegFile:RF1|Registers[4][3] ;
; 3:1                ; 8 bits    ; 16 ALUTs      ; 0 ALUTs              ; 16 ALUTs               ; Yes        ; |top_level|RegFile:RF1|Registers[5][3] ;
; 3:1                ; 8 bits    ; 16 ALUTs      ; 0 ALUTs              ; 16 ALUTs               ; Yes        ; |top_level|RegFile:RF1|Registers[6][1] ;
; 3:1                ; 2 bits    ; 4 ALUTs       ; 2 ALUTs              ; 2 ALUTs                ; Yes        ; |top_level|DataMem:DM|core[128][6]     ;
; 3:1                ; 6 bits    ; 12 ALUTs      ; 6 ALUTs              ; 6 ALUTs                ; Yes        ; |top_level|DataMem:DM|core[128][2]     ;
; 3:1                ; 2 bits    ; 4 ALUTs       ; 2 ALUTs              ; 2 ALUTs                ; Yes        ; |top_level|DataMem:DM|core[129][6]     ;
; 3:1                ; 6 bits    ; 12 ALUTs      ; 6 ALUTs              ; 6 ALUTs                ; Yes        ; |top_level|DataMem:DM|core[129][4]     ;
; 3:1                ; 4 bits    ; 8 ALUTs       ; 4 ALUTs              ; 4 ALUTs                ; Yes        ; |top_level|DataMem:DM|core[130][5]     ;
; 3:1                ; 4 bits    ; 8 ALUTs       ; 4 ALUTs              ; 4 ALUTs                ; Yes        ; |top_level|DataMem:DM|core[130][7]     ;
; 3:1                ; 4 bits    ; 8 ALUTs       ; 4 ALUTs              ; 4 ALUTs                ; Yes        ; |top_level|DataMem:DM|core[131][5]     ;
; 3:1                ; 4 bits    ; 8 ALUTs       ; 4 ALUTs              ; 4 ALUTs                ; Yes        ; |top_level|DataMem:DM|core[131][7]     ;
; 3:1                ; 4 bits    ; 8 ALUTs       ; 4 ALUTs              ; 4 ALUTs                ; Yes        ; |top_level|DataMem:DM|core[132][6]     ;
; 3:1                ; 4 bits    ; 8 ALUTs       ; 4 ALUTs              ; 4 ALUTs                ; Yes        ; |top_level|DataMem:DM|core[132][0]     ;
; 3:1                ; 4 bits    ; 8 ALUTs       ; 4 ALUTs              ; 4 ALUTs                ; Yes        ; |top_level|DataMem:DM|core[133][5]     ;
; 3:1                ; 4 bits    ; 8 ALUTs       ; 4 ALUTs              ; 4 ALUTs                ; Yes        ; |top_level|DataMem:DM|core[133][2]     ;
; 3:1                ; 4 bits    ; 8 ALUTs       ; 4 ALUTs              ; 4 ALUTs                ; Yes        ; |top_level|DataMem:DM|core[134][4]     ;
; 3:1                ; 4 bits    ; 8 ALUTs       ; 4 ALUTs              ; 4 ALUTs                ; Yes        ; |top_level|DataMem:DM|core[134][1]     ;
; 3:1                ; 6 bits    ; 12 ALUTs      ; 6 ALUTs              ; 6 ALUTs                ; Yes        ; |top_level|DataMem:DM|core[135][6]     ;
; 3:1                ; 2 bits    ; 4 ALUTs       ; 2 ALUTs              ; 2 ALUTs                ; Yes        ; |top_level|DataMem:DM|core[135][7]     ;
; 3:1                ; 6 bits    ; 12 ALUTs      ; 6 ALUTs              ; 6 ALUTs                ; Yes        ; |top_level|DataMem:DM|core[136][5]     ;
; 3:1                ; 2 bits    ; 4 ALUTs       ; 2 ALUTs              ; 2 ALUTs                ; Yes        ; |top_level|DataMem:DM|core[136][2]     ;
; 5:1                ; 2 bits    ; 6 ALUTs       ; 4 ALUTs              ; 2 ALUTs                ; Yes        ; |top_level|InstFetch:IF1|ProgCtr[9]    ;
; 5:1                ; 8 bits    ; 24 ALUTs      ; 8 ALUTs              ; 16 ALUTs               ; Yes        ; |top_level|InstFetch:IF1|ProgCtr[0]    ;
; 5:1                ; 4 bits    ; 12 ALUTs      ; 8 ALUTs              ; 4 ALUTs                ; Yes        ; |top_level|RegFile:RF1|Registers[7][4] ;
; 5:1                ; 4 bits    ; 12 ALUTs      ; 8 ALUTs              ; 4 ALUTs                ; Yes        ; |top_level|RegFile:RF1|Registers[7][3] ;
; 3:1                ; 6 bits    ; 12 ALUTs      ; 12 ALUTs             ; 0 ALUTs                ; No         ; |top_level|Ctrl:Ctrl1|PCTarg[2]        ;
; 3:1                ; 3 bits    ; 6 ALUTs       ; 6 ALUTs              ; 0 ALUTs                ; No         ; |top_level|Ctrl:Ctrl1|LoadInst         ;
; 8:1                ; 8 bits    ; 40 ALUTs      ; 40 ALUTs             ; 0 ALUTs                ; No         ; |top_level|RegFile:RF1|Mux15           ;
; 8:1                ; 8 bits    ; 40 ALUTs      ; 40 ALUTs             ; 0 ALUTs                ; No         ; |top_level|RegFile:RF1|Mux3            ;
; 4:1                ; 8 bits    ; 16 ALUTs      ; 16 ALUTs             ; 0 ALUTs                ; No         ; |top_level|ALU:ALU1|Selector1          ;
; 257:1              ; 8 bits    ; 1368 ALUTs    ; 1368 ALUTs           ; 0 ALUTs                ; No         ; |top_level|RegWriteValue[5]            ;
+--------------------+-----------+---------------+----------------------+------------------------+------------+----------------------------------------+


+------------------------------------------------------------+
; Parameter Settings for User Entity Instance: InstFetch:IF1 ;
+----------------+-------+-----------------------------------+
; Parameter Name ; Value ; Type                              ;
+----------------+-------+-----------------------------------+
; T              ; 10    ; Signed Integer                    ;
+----------------+-------+-----------------------------------+
Note: In order to hide this table in the UI and the text report file, please set the "Show Parameter Settings in Synthesis Report" option in "Analysis and Synthesis Settings -> More Settings" to "Off".


+-----------------------------------------------------------------+
; Parameter Settings for User Entity Instance: Immediate_LUT:LUT1 ;
+----------------+-------+----------------------------------------+
; Parameter Name ; Value ; Type                                   ;
+----------------+-------+----------------------------------------+
; PC_width       ; 10    ; Signed Integer                         ;
+----------------+-------+----------------------------------------+
Note: In order to hide this table in the UI and the text report file, please set the "Show Parameter Settings in Synthesis Report" option in "Analysis and Synthesis Settings -> More Settings" to "Off".


+----------------------------------------------------------+
; Parameter Settings for User Entity Instance: InstROM:IR1 ;
+----------------+-------+---------------------------------+
; Parameter Name ; Value ; Type                            ;
+----------------+-------+---------------------------------+
; A              ; 10    ; Signed Integer                  ;
; W              ; 9     ; Signed Integer                  ;
+----------------+-------+---------------------------------+
Note: In order to hide this table in the UI and the text report file, please set the "Show Parameter Settings in Synthesis Report" option in "Analysis and Synthesis Settings -> More Settings" to "Off".


+----------------------------------------------------------+
; Parameter Settings for User Entity Instance: RegFile:RF1 ;
+----------------+-------+---------------------------------+
; Parameter Name ; Value ; Type                            ;
+----------------+-------+---------------------------------+
; W              ; 8     ; Signed Integer                  ;
; D              ; 3     ; Signed Integer                  ;
+----------------+-------+---------------------------------+
Note: In order to hide this table in the UI and the text report file, please set the "Show Parameter Settings in Synthesis Report" option in "Analysis and Synthesis Settings -> More Settings" to "Off".


+-------------------------------------------------------+
; Parameter Settings for User Entity Instance: ALU:ALU1 ;
+----------------+-------+------------------------------+
; Parameter Name ; Value ; Type                         ;
+----------------+-------+------------------------------+
; W              ; 8     ; Signed Integer               ;
+----------------+-------+------------------------------+
Note: In order to hide this table in the UI and the text report file, please set the "Show Parameter Settings in Synthesis Report" option in "Analysis and Synthesis Settings -> More Settings" to "Off".


+---------------------------------------------------------+
; Parameter Settings for User Entity Instance: DataMem:DM ;
+----------------+-------+--------------------------------+
; Parameter Name ; Value ; Type                           ;
+----------------+-------+--------------------------------+
; W              ; 8     ; Signed Integer                 ;
; A              ; 8     ; Signed Integer                 ;
+----------------+-------+--------------------------------+
Note: In order to hide this table in the UI and the text report file, please set the "Show Parameter Settings in Synthesis Report" option in "Analysis and Synthesis Settings -> More Settings" to "Off".


+------------------------------------------------------------------------------------------------------------------+
; Port Connectivity Checks: "ALU:ALU1"                                                                             ;
+--------+--------+----------+-------------------------------------------------------------------------------------+
; Port   ; Type   ; Severity ; Details                                                                             ;
+--------+--------+----------+-------------------------------------------------------------------------------------+
; Odd    ; Output ; Info     ; Connected to dangling logic. Logic that only feeds a dangling port will be removed. ;
; SC_out ; Output ; Info     ; Connected to dangling logic. Logic that only feeds a dangling port will be removed. ;
+--------+--------+----------+-------------------------------------------------------------------------------------+


+--------------------------------------------------------------------------------------------------------------------------------+
; Port Connectivity Checks: "RegFile:RF1"                                                                                        ;
+----------------------+--------+----------+-------------------------------------------------------------------------------------+
; Port                 ; Type   ; Severity ; Details                                                                             ;
+----------------------+--------+----------+-------------------------------------------------------------------------------------+
; ImmediateValue[7..4] ; Input  ; Info     ; Stuck at GND                                                                        ;
; AccumulatorValue     ; Output ; Info     ; Connected to dangling logic. Logic that only feeds a dangling port will be removed. ;
; Reg1Value            ; Output ; Info     ; Connected to dangling logic. Logic that only feeds a dangling port will be removed. ;
; Reg2Value            ; Output ; Info     ; Connected to dangling logic. Logic that only feeds a dangling port will be removed. ;
; Reg3Value            ; Output ; Info     ; Connected to dangling logic. Logic that only feeds a dangling port will be removed. ;
; Reg4Value            ; Output ; Info     ; Connected to dangling logic. Logic that only feeds a dangling port will be removed. ;
; Reg5Value            ; Output ; Info     ; Connected to dangling logic. Logic that only feeds a dangling port will be removed. ;
; Reg6Value            ; Output ; Info     ; Connected to dangling logic. Logic that only feeds a dangling port will be removed. ;
; Reg7Value            ; Output ; Info     ; Connected to dangling logic. Logic that only feeds a dangling port will be removed. ;
+----------------------+--------+----------+-------------------------------------------------------------------------------------+


+------------------------------------------------------------------------------------------------------------------+
; Port Connectivity Checks: "Ctrl:Ctrl1"                                                                           ;
+--------+--------+----------+-------------------------------------------------------------------------------------+
; Port   ; Type   ; Severity ; Details                                                                             ;
+--------+--------+----------+-------------------------------------------------------------------------------------+
; TapSel ; Output ; Info     ; Connected to dangling logic. Logic that only feeds a dangling port will be removed. ;
+--------+--------+----------+-------------------------------------------------------------------------------------+


+-----------------------------------------------------+
; Post-Synthesis Netlist Statistics for Top Partition ;
+-----------------------+-----------------------------+
; Type                  ; Count                       ;
+-----------------------+-----------------------------+
; arriaii_ff            ; 2099                        ;
;     ENA               ; 2052                        ;
;     ENA SCLR          ; 44                          ;
;     SCLR              ; 1                           ;
;     plain             ; 2                           ;
; boundary_port         ; 4                           ;
; stratixiv_lcell_comb  ; 1175                        ;
;     arith             ; 10                          ;
;         1 data inputs ; 10                          ;
;     normal            ; 1165                        ;
;         2 data inputs ; 17                          ;
;         3 data inputs ; 15                          ;
;         4 data inputs ; 49                          ;
;         5 data inputs ; 284                         ;
;         6 data inputs ; 800                         ;
;                       ;                             ;
; Max LUT depth         ; 9.00                        ;
; Average LUT depth     ; 6.03                        ;
+-----------------------+-----------------------------+


+-------------------------------+
; Elapsed Time Per Partition    ;
+----------------+--------------+
; Partition Name ; Elapsed Time ;
+----------------+--------------+
; Top            ; 00:00:03     ;
+----------------+--------------+


+-------------------------------+
; Analysis & Synthesis Messages ;
+-------------------------------+
Info: *******************************************************************
Info: Running Quartus Prime Analysis & Synthesis
    Info: Version 20.1.0 Build 711 06/05/2020 SJ Lite Edition
    Info: Processing started: Sat Aug 26 18:25:57 2023
Info: Command: quartus_map --read_settings_files=on --write_settings_files=off top_level -c top_level
Warning (18236): Number of processors has not been specified which may cause overloading on shared machines.  Set the global assignment NUM_PARALLEL_PROCESSORS in your QSF to an appropriate value for best performance.
Info (20030): Parallel compilation is enabled and will use 16 of the 16 processors detected
Info (12021): Found 1 design units, including 1 entities, in source file top_level.sv
    Info (12023): Found entity 1: top_level File: C:/Users/Wesley/Documents/141L/encrypt_proj/top_level.sv Line: 1
Info (12021): Found 1 design units, including 1 entities, in source file regfile.sv
    Info (12023): Found entity 1: RegFile File: C:/Users/Wesley/Documents/141L/encrypt_proj/RegFile.sv Line: 11
Info (12021): Found 1 design units, including 1 entities, in source file instrom.sv
    Info (12023): Found entity 1: InstROM File: C:/Users/Wesley/Documents/141L/encrypt_proj/InstROM.sv Line: 13
Info (12021): Found 1 design units, including 1 entities, in source file instfetch.sv
    Info (12023): Found entity 1: InstFetch File: C:/Users/Wesley/Documents/141L/encrypt_proj/InstFetch.sv Line: 8
Info (12021): Found 1 design units, including 1 entities, in source file immediate_lut.sv
    Info (12023): Found entity 1: Immediate_LUT File: C:/Users/Wesley/Documents/141L/encrypt_proj/Immediate_LUT.sv Line: 7
Info (12021): Found 1 design units, including 0 entities, in source file definitions.sv
    Info (12022): Found design unit 1: Definitions (SystemVerilog) File: C:/Users/Wesley/Documents/141L/encrypt_proj/Definitions.sv Line: 8
Info (12021): Found 1 design units, including 1 entities, in source file datamem.sv
    Info (12023): Found entity 1: DataMem File: C:/Users/Wesley/Documents/141L/encrypt_proj/DataMem.sv Line: 15
Info (12021): Found 1 design units, including 1 entities, in source file ctrl.sv
    Info (12023): Found entity 1: Ctrl File: C:/Users/Wesley/Documents/141L/encrypt_proj/Ctrl.sv Line: 6
Info (12021): Found 1 design units, including 1 entities, in source file alu.sv
    Info (12023): Found entity 1: ALU File: C:/Users/Wesley/Documents/141L/encrypt_proj/ALU.sv Line: 11
Warning (10236): Verilog HDL Implicit Net warning at top_level.sv(82): created implicit net for "LoadInst" File: C:/Users/Wesley/Documents/141L/encrypt_proj/top_level.sv Line: 82
Warning (10236): Verilog HDL Implicit Net warning at top_level.sv(116): created implicit net for "ImmediateValue" File: C:/Users/Wesley/Documents/141L/encrypt_proj/top_level.sv Line: 116
Info (12127): Elaborating entity "top_level" for the top level hierarchy
Warning (10230): Verilog HDL assignment warning at top_level.sv(116): truncated value with size 4 to match size of target (1) File: C:/Users/Wesley/Documents/141L/encrypt_proj/top_level.sv Line: 116
Info (12128): Elaborating entity "InstFetch" for hierarchy "InstFetch:IF1" File: C:/Users/Wesley/Documents/141L/encrypt_proj/top_level.sv Line: 60
Warning (10230): Verilog HDL assignment warning at InstFetch.sv(37): truncated value with size 32 to match size of target (10) File: C:/Users/Wesley/Documents/141L/encrypt_proj/InstFetch.sv Line: 37
Info (12128): Elaborating entity "Immediate_LUT" for hierarchy "Immediate_LUT:LUT1" File: C:/Users/Wesley/Documents/141L/encrypt_proj/top_level.sv Line: 65
Warning (10270): Verilog HDL Case Statement warning at Immediate_LUT.sv(14): incomplete case statement has no default case item File: C:/Users/Wesley/Documents/141L/encrypt_proj/Immediate_LUT.sv Line: 14
Info (12128): Elaborating entity "InstROM" for hierarchy "InstROM:IR1" File: C:/Users/Wesley/Documents/141L/encrypt_proj/top_level.sv Line: 72
Warning (10850): Verilog HDL warning at InstROM.sv(26): number of words (91) in memory file does not match the number of elements in the address range [0:1023] File: C:/Users/Wesley/Documents/141L/encrypt_proj/InstROM.sv Line: 26
Warning (10030): Net "inst_rom.data_a" at InstROM.sv(22) has no driver or initial value, using a default initial value '0' File: C:/Users/Wesley/Documents/141L/encrypt_proj/InstROM.sv Line: 22
Warning (10030): Net "inst_rom.waddr_a" at InstROM.sv(22) has no driver or initial value, using a default initial value '0' File: C:/Users/Wesley/Documents/141L/encrypt_proj/InstROM.sv Line: 22
Warning (10030): Net "inst_rom.we_a" at InstROM.sv(22) has no driver or initial value, using a default initial value '0' File: C:/Users/Wesley/Documents/141L/encrypt_proj/InstROM.sv Line: 22
Info (12128): Elaborating entity "Ctrl" for hierarchy "Ctrl:Ctrl1" File: C:/Users/Wesley/Documents/141L/encrypt_proj/top_level.sv Line: 89
Warning (10270): Verilog HDL Case Statement warning at Ctrl.sv(46): incomplete case statement has no default case item File: C:/Users/Wesley/Documents/141L/encrypt_proj/Ctrl.sv Line: 46
Info (12128): Elaborating entity "RegFile" for hierarchy "RegFile:RF1" File: C:/Users/Wesley/Documents/141L/encrypt_proj/top_level.sv Line: 112
Info (12128): Elaborating entity "ALU" for hierarchy "ALU:ALU1" File: C:/Users/Wesley/Documents/141L/encrypt_proj/top_level.sv Line: 131
Info (12128): Elaborating entity "DataMem" for hierarchy "DataMem:DM" File: C:/Users/Wesley/Documents/141L/encrypt_proj/top_level.sv Line: 144
Warning (127007): Memory Initialization File or Hexadecimal (Intel-Format) File "C:/Users/Wesley/Documents/141L/encrypt_proj/db/top_level.ram0_InstROM_15efe571.hdl.mif" contains "don't care" values -- overwriting them with 0s
Info (286030): Timing-Driven Synthesis is running
Info (16010): Generating hard_block partition "hard_block:auto_generated_inst"
    Info (16011): Adding 0 node(s), including 0 DDIO, 0 PLL, 0 transceiver and 0 LCELL
Info (21057): Implemented 3259 device resources after synthesis - the final resource count might be different
    Info (21058): Implemented 3 input pins
    Info (21059): Implemented 1 output pins
    Info (21061): Implemented 3255 logic cells
Info: Quartus Prime Analysis & Synthesis was successful. 0 errors, 12 warnings
    Info: Peak virtual memory: 4930 megabytes
    Info: Processing ended: Sat Aug 26 18:26:07 2023
    Info: Elapsed time: 00:00:10
    Info: Total CPU time (on all processors): 00:00:17


